Arguments: 
  /usr/local/bin/node /usr/local/bin/yarn

PATH: 
  /usr/local/bin:/usr/bin:/bin:/usr/sbin:/sbin:/usr/local/MacGPG2/bin:/Library/Apple/usr/bin:/usr/local/bin

Yarn version: 
  1.22.5

Node version: 
  12.18.3

Platform: 
  darwin x64

Trace: 
  SyntaxError: /Users/jordanbell/Desktop/package.json: Unexpected token < in JSON at position 0
      at JSON.parse (<anonymous>)
      at /usr/local/lib/node_modules/yarn/lib/cli.js:1625:59
      at Generator.next (<anonymous>)
      at step (/usr/local/lib/node_modules/yarn/lib/cli.js:310:30)
      at /usr/local/lib/node_modules/yarn/lib/cli.js:321:13

npm manifest: 
  {
    "name": "passify",
    "version": "1.0.0",
    "description": "",
    "main": "index.js",
    "scripts": {
      "start": "if-env NODE_ENV=production && npm run start:prod || npm run start:dev",
      "start:prod": "node index.js",
      "start:dev": "concurrently \"nodemon --ignore 'client/*'\" \"npm run client\"",
      "client": "cd client && npm run start",
      "install": "cd client && npm install",
      "build": "cd client && npm run build",
      "heroku-postbuild": "npm run build"
    },
    "keywords": [],
    "author": "",
    "license": "ISC",
    "devDependencies": {
      "concurrently": "^5.3.0",
      "eslint-config-airbnb": "^18.2.0",
      "eslint-config-airbnb-base": "^14.2.0",
      "eslint-plugin-import": "^2.22.1",
      "eslint-plugin-jsx-a11y": "^6.3.1",
      "eslint-plugin-react": "^7.21.3",
      "eslint-plugin-react-hooks": "^4.1.2",
      "evergreen-ui": "^5.1.2"
    },
    "dependencies": {
      "bcryptjs": "^2.4.3",
      "dotenv": "^8.2.0",
      "express": "^4.17.1",
      "if-env": "^1.0.4",
      "jsonwebtoken": "^8.5.1",
      "mysql2": "^2.2.5",
      "passport": "^0.4.1",
      "passport-jwt": "^4.0.0",
      "passport-local": "^1.0.0"
    }
  }

yarn manifest: 
  No manifest

Lockfile: 
  No lockfile
